<?xml version="1.0" encoding="UTF-8"?>
<!-- Generated by org.testng.reporters.JUnitReportReporter -->
<testsuite hostname="Lenovo" failures="0" tests="3" name="com.hotelbooking.Adactin.BrowserLaunch" time="112.989" errors="0" timestamp="04 Nov 2022 13:38:13 GMT" skipped="0">
  <testcase classname="com.hotelbooking.Adactin.BrowserLaunch" name="man" time="0.009"/>
  <testcase classname="com.hotelbooking.Adactin.BrowserLaunch" name="women" time="0.016"/>
  <testcase classname="com.hotelbooking.Adactin.BrowserLaunch" name="window" time="112.964"/>
</testsuite> <!-- com.hotelbooking.Adactin.BrowserLaunch -->
