<?xml version="1.0" encoding="UTF-8"?>
<!-- Generated by org.testng.reporters.JUnitReportReporter -->
<testsuite hostname="Lenovo" failures="0" tests="2" name="com.hotelbooking.Adactin.Launch" time="138.408" errors="0" timestamp="04 Nov 2022 13:38:13 GMT" skipped="0">
  <testcase classname="com.hotelbooking.Adactin.Launch" name="window" time="117.063"/>
  <testcase classname="com.hotelbooking.Adactin.Launch" name="man" time="21.345"/>
</testsuite> <!-- com.hotelbooking.Adactin.Launch -->
